# JRE version: OpenJDK Runtime Environment (8.0_152-b01) (build 1.8.0_152-release-915-b01)
# Java VM: OpenJDK 64-Bit Server VM (25.152-b01 mixed mode linux-amd64 compressed oops)
Heap:
 PSYoungGen      total 549888K, used 4060K [0x00000000d5580000, 0x0000000100000000, 0x0000000100000000)
  eden space 492032K, 0% used [0x00000000d5580000,0x00000000d5580000,0x00000000f3600000)
  from space 57856K, 7% used [0x00000000fac80000,0x00000000fb0770e8,0x00000000fe500000)
  to   space 103424K, 0% used [0x00000000f3600000,0x00000000f3600000,0x00000000f9b00000)
 ParOldGen       total 231936K, used 231625K [0x0000000080000000, 0x000000008e280000, 0x00000000d5580000)
  object space 231936K, 99% used [0x0000000080000000,0x000000008e232780,0x000000008e280000)
 Metaspace       used 88275K, capacity 92812K, committed 92928K, reserved 1130496K
  class space    used 11012K, capacity 11961K, committed 12032K, reserved 1048576K
GC Heap History (10 events):
Event: 123.515 GC heap after
Heap after GC invocations=22 (full 3):
 PSYoungGen      total 472576K, used 22707K [0x00000000d5580000, 0x00000000f8400000, 0x0000000100000000)
  eden space 442368K, 0% used [0x00000000d5580000,0x00000000d5580000,0x00000000f0580000)
  from space 30208K, 75% used [0x00000000f0580000,0x00000000f1bacda0,0x00000000f2300000)
  to   space 32256K, 0% used [0x00000000f6480000,0x00000000f6480000,0x00000000f8400000)
 ParOldGen       total 115200K, used 95940K [0x0000000080000000, 0x0000000087080000, 0x00000000d5580000)
  object space 115200K, 83% used [0x0000000080000000,0x0000000085db10f0,0x0000000087080000)
 Metaspace       used 74124K, capacity 78524K, committed 78720K, reserved 1118208K
  class space    used 9703K, capacity 10601K, committed 10624K, reserved 1048576K
}
Event: 150.208 GC heap before
{Heap before GC invocations=23 (full 3):
 PSYoungGen      total 472576K, used 465075K [0x00000000d5580000, 0x00000000f8400000, 0x0000000100000000)
  eden space 442368K, 100% used [0x00000000d5580000,0x00000000f0580000,0x00000000f0580000)
  from space 30208K, 75% used [0x00000000f0580000,0x00000000f1bacda0,0x00000000f2300000)
  to   space 32256K, 0% used [0x00000000f6480000,0x00000000f6480000,0x00000000f8400000)
 ParOldGen       total 115200K, used 95940K [0x0000000080000000, 0x0000000087080000, 0x00000000d5580000)
  object space 115200K, 83% used [0x0000000080000000,0x0000000085db10f0,0x0000000087080000)
 Metaspace       used 86336K, capacity 90872K, committed 91264K, reserved 1128448K
  class space    used 10833K, capacity 11789K, committed 11904K, reserved 1048576K
Event: 150.368 GC heap after
Heap after GC invocations=23 (full 3):
 PSYoungGen      total 522240K, used 32239K [0x00000000d5580000, 0x00000000fa000000, 0x0000000100000000)
  eden space 489984K, 0% used [0x00000000d5580000,0x00000000d5580000,0x00000000f3400000)
  from space 32256K, 99% used [0x00000000f6480000,0x00000000f83fbcc8,0x00000000f8400000)
  to   space 49664K, 0% used [0x00000000f3400000,0x00000000f3400000,0x00000000f6480000)
 ParOldGen       total 130048K, used 129730K [0x0000000080000000, 0x0000000087f00000, 0x00000000d5580000)
  object space 130048K, 99% used [0x0000000080000000,0x0000000087eb0a50,0x0000000087f00000)
 Metaspace       used 86336K, capacity 90872K, committed 91264K, reserved 1128448K
  class space    used 10833K, capacity 11789K, committed 11904K, reserved 1048576K
}
Event: 150.368 GC heap before
{Heap before GC invocations=24 (full 4):
 PSYoungGen      total 522240K, used 32239K [0x00000000d5580000, 0x00000000fa000000, 0x0000000100000000)
  eden space 489984K, 0% used [0x00000000d5580000,0x00000000d5580000,0x00000000f3400000)
  from space 32256K, 99% used [0x00000000f6480000,0x00000000f83fbcc8,0x00000000f8400000)
  to   space 49664K, 0% used [0x00000000f3400000,0x00000000f3400000,0x00000000f6480000)
 ParOldGen       total 130048K, used 129730K [0x0000000080000000, 0x0000000087f00000, 0x00000000d5580000)
  object space 130048K, 99% used [0x0000000080000000,0x0000000087eb0a50,0x0000000087f00000)
 Metaspace       used 86336K, capacity 90872K, committed 91264K, reserved 1128448K
  class space    used 10833K, capacity 11789K, committed 11904K, reserved 1048576K
Event: 151.225 GC heap after
Heap after GC invocations=24 (full 4):
 PSYoungGen      total 522240K, used 0K [0x00000000d5580000, 0x00000000fa000000, 0x0000000100000000)
  eden space 489984K, 0% used [0x00000000d5580000,0x00000000d5580000,0x00000000f3400000)
  from space 32256K, 0% used [0x00000000f6480000,0x00000000f6480000,0x00000000f8400000)
  to   space 49664K, 0% used [0x00000000f3400000,0x00000000f3400000,0x00000000f6480000)
 ParOldGen       total 231936K, used 125567K [0x0000000080000000, 0x000000008e280000, 0x00000000d5580000)
  object space 231936K, 54% used [0x0000000080000000,0x0000000087a9fc60,0x000000008e280000)
 Metaspace       used 86335K, capacity 90870K, committed 91264K, reserved 1128448K
  class space    used 10832K, capacity 11788K, committed 11904K, reserved 1048576K
}
Event: 178.514 GC heap before
{Heap before GC invocations=25 (full 4):
 PSYoungGen      total 522240K, used 489984K [0x00000000d5580000, 0x00000000fa000000, 0x0000000100000000)
  eden space 489984K, 100% used [0x00000000d5580000,0x00000000f3400000,0x00000000f3400000)
  from space 32256K, 0% used [0x00000000f6480000,0x00000000f6480000,0x00000000f8400000)
  to   space 49664K, 0% used [0x00000000f3400000,0x00000000f3400000,0x00000000f6480000)
 ParOldGen       total 231936K, used 125567K [0x0000000080000000, 0x000000008e280000, 0x00000000d5580000)
  object space 231936K, 54% used [0x0000000080000000,0x0000000087a9fc60,0x000000008e280000)
 Metaspace       used 86758K, capacity 91304K, committed 91520K, reserved 1128448K
  class space    used 10867K, capacity 11823K, committed 11904K, reserved 1048576K
Event: 178.622 GC heap after
Heap after GC invocations=25 (full 4):
 PSYoungGen      total 539648K, used 49558K [0x00000000d5580000, 0x00000000fe500000, 0x0000000100000000)
  eden space 489984K, 0% used [0x00000000d5580000,0x00000000d5580000,0x00000000f3400000)
  from space 49664K, 99% used [0x00000000f3400000,0x00000000f6465b60,0x00000000f6480000)
  to   space 57856K, 0% used [0x00000000fac80000,0x00000000fac80000,0x00000000fe500000)
 ParOldGen       total 231936K, used 125575K [0x0000000080000000, 0x000000008e280000, 0x00000000d5580000)
  object space 231936K, 54% used [0x0000000080000000,0x0000000087aa1c60,0x000000008e280000)
 Metaspace       used 86758K, capacity 91304K, committed 91520K, reserved 1128448K
  class space    used 10867K, capacity 11823K, committed 11904K, reserved 1048576K
}
Event: 184.713 GC heap before
{Heap before GC invocations=26 (full 4):
 PSYoungGen      total 539648K, used 539542K [0x00000000d5580000, 0x00000000fe500000, 0x0000000100000000)
  eden space 489984K, 100% used [0x00000000d5580000,0x00000000f3400000,0x00000000f3400000)
  from space 49664K, 99% used [0x00000000f3400000,0x00000000f6465b60,0x00000000f6480000)
  to   space 57856K, 0% used [0x00000000fac80000,0x00000000fac80000,0x00000000fe500000)
 ParOldGen       total 231936K, used 125575K [0x0000000080000000, 0x000000008e280000, 0x00000000d5580000)
  object space 231936K, 54% used [0x0000000080000000,0x0000000087aa1c60,0x000000008e280000)
 Metaspace       used 88275K, capacity 92812K, committed 92928K, reserved 1130496K
  class space    used 11012K, capacity 11961K, committed 12032K, reserved 1048576K
Event: 185.268 GC heap after
Heap after GC invocations=26 (full 4):
 PSYoungGen      total 549888K, used 57845K [0x00000000d5580000, 0x0000000100000000, 0x0000000100000000)
  eden space 492032K, 0% used [0x00000000d5580000,0x00000000d5580000,0x00000000f3600000)
  from space 57856K, 99% used [0x00000000fac80000,0x00000000fe4fd600,0x00000000fe500000)
  to   space 103424K, 0% used [0x00000000f3600000,0x00000000f3600000,0x00000000f9b00000)
 ParOldGen       total 231936K, used 222839K [0x0000000080000000, 0x000000008e280000, 0x00000000d5580000)
  object space 231936K, 96% used [0x0000000080000000,0x000000008d99df58,0x000000008e280000)
 Metaspace       used 88275K, capacity 92812K, committed 92928K, reserved 1130496K
  class space    used 11012K, capacity 11961K, committed 12032K, reserved 1048576K
}
Event: 186.005 GC heap before
{Heap before GC invocations=27 (full 5):
 PSYoungGen      total 549888K, used 57845K [0x00000000d5580000, 0x0000000100000000, 0x0000000100000000)
  eden space 492032K, 0% used [0x00000000d5580000,0x00000000d5580000,0x00000000f3600000)
  from space 57856K, 99% used [0x00000000fac80000,0x00000000fe4fd600,0x00000000fe500000)
  to   space 103424K, 0% used [0x00000000f3600000,0x00000000f3600000,0x00000000f9b00000)
 ParOldGen       total 231936K, used 222839K [0x0000000080000000, 0x000000008e280000, 0x00000000d5580000)
  object space 231936K, 96% used [0x0000000080000000,0x000000008d99df58,0x000000008e280000)
 Metaspace       used 88275K, capacity 92812K, committed 92928K, reserved 1130496K
  class space    used 11012K, capacity 11961K, committed 12032K, reserved 1048576K

