# JRE version: OpenJDK Runtime Environment (8.0_112-b06) (build 1.8.0_112-release-b06)
# Java VM: OpenJDK 64-Bit Server VM (25.112-b06 mixed mode linux-amd64 compressed oops)
Heap:
 PSYoungGen      total 546304K, used 85937K [0x00000000d5580000, 0x0000000100000000, 0x0000000100000000)
  eden space 418816K, 0% used [0x00000000d5580000,0x00000000d5580000,0x00000000eee80000)
  from space 127488K, 67% used [0x00000000eee80000,0x00000000f426c570,0x00000000f6b00000)
  to   space 133632K, 0% used [0x00000000f7d80000,0x00000000f7d80000,0x0000000100000000)
 ParOldGen       total 933888K, used 850210K [0x0000000080000000, 0x00000000b9000000, 0x00000000d5580000)
  object space 933888K, 91% used [0x0000000080000000,0x00000000b3e48820,0x00000000b9000000)
 Metaspace       used 117216K, capacity 127116K, committed 127360K, reserved 1159168K
  class space    used 15420K, capacity 16735K, committed 16768K, reserved 1048576K
GC Heap History (10 events):
Event: 12330.165 GC heap after
Heap after GC invocations=269 (full 18):
 PSYoungGen      total 423424K, used 22815K [0x00000000d5580000, 0x00000000ff680000, 0x0000000100000000)
  eden space 400384K, 0% used [0x00000000d5580000,0x00000000d5580000,0x00000000edc80000)
  from space 23040K, 99% used [0x00000000edc80000,0x00000000ef2c7e90,0x00000000ef300000)
  to   space 144384K, 0% used [0x00000000f6980000,0x00000000f6980000,0x00000000ff680000)
 ParOldGen       total 933888K, used 782294K [0x0000000080000000, 0x00000000b9000000, 0x00000000d5580000)
  object space 933888K, 83% used [0x0000000080000000,0x00000000afbf5810,0x00000000b9000000)
 Metaspace       used 113791K, capacity 123536K, committed 123904K, reserved 1157120K
  class space    used 14970K, capacity 16252K, committed 16384K, reserved 1048576K
}
Event: 12392.326 GC heap before
{Heap before GC invocations=270 (full 18):
 PSYoungGen      total 423424K, used 423199K [0x00000000d5580000, 0x00000000ff680000, 0x0000000100000000)
  eden space 400384K, 100% used [0x00000000d5580000,0x00000000edc80000,0x00000000edc80000)
  from space 23040K, 99% used [0x00000000edc80000,0x00000000ef2c7e90,0x00000000ef300000)
  to   space 144384K, 0% used [0x00000000f6980000,0x00000000f6980000,0x00000000ff680000)
 ParOldGen       total 933888K, used 782294K [0x0000000080000000, 0x00000000b9000000, 0x00000000d5580000)
  object space 933888K, 83% used [0x0000000080000000,0x00000000afbf5810,0x00000000b9000000)
 Metaspace       used 113884K, capacity 123638K, committed 123904K, reserved 1157120K
  class space    used 14981K, capacity 16263K, committed 16384K, reserved 1048576K
Event: 12392.357 GC heap after
Heap after GC invocations=270 (full 18):
 PSYoungGen      total 548352K, used 18620K [0x00000000d5580000, 0x0000000100000000, 0x0000000100000000)
  eden space 403968K, 0% used [0x00000000d5580000,0x00000000d5580000,0x00000000ee000000)
  from space 144384K, 12% used [0x00000000f6980000,0x00000000f7baf258,0x00000000ff680000)
  to   space 140800K, 0% used [0x00000000ee000000,0x00000000ee000000,0x00000000f6980000)
 ParOldGen       total 933888K, used 794685K [0x0000000080000000, 0x00000000b9000000, 0x00000000d5580000)
  object space 933888K, 85% used [0x0000000080000000,0x00000000b080f560,0x00000000b9000000)
 Metaspace       used 113884K, capacity 123638K, committed 123904K, reserved 1157120K
  class space    used 14981K, capacity 16263K, committed 16384K, reserved 1048576K
}
Event: 12397.637 GC heap before
{Heap before GC invocations=271 (full 18):
 PSYoungGen      total 548352K, used 422588K [0x00000000d5580000, 0x0000000100000000, 0x0000000100000000)
  eden space 403968K, 100% used [0x00000000d5580000,0x00000000ee000000,0x00000000ee000000)
  from space 144384K, 12% used [0x00000000f6980000,0x00000000f7baf258,0x00000000ff680000)
  to   space 140800K, 0% used [0x00000000ee000000,0x00000000ee000000,0x00000000f6980000)
 ParOldGen       total 933888K, used 794685K [0x0000000080000000, 0x00000000b9000000, 0x00000000d5580000)
  object space 933888K, 85% used [0x0000000080000000,0x00000000b080f560,0x00000000b9000000)
 Metaspace       used 116340K, capacity 126170K, committed 126208K, reserved 1159168K
  class space    used 15331K, capacity 16630K, committed 16640K, reserved 1048576K
Event: 12397.682 GC heap after
Heap after GC invocations=271 (full 18):
 PSYoungGen      total 544768K, used 45781K [0x00000000d5580000, 0x00000000fec80000, 0x0000000100000000)
  eden space 403968K, 0% used [0x00000000d5580000,0x00000000d5580000,0x00000000ee000000)
  from space 140800K, 32% used [0x00000000ee000000,0x00000000f0cb5630,0x00000000f6980000)
  to   space 132608K, 0% used [0x00000000f6b00000,0x00000000f6b00000,0x00000000fec80000)
 ParOldGen       total 933888K, used 812568K [0x0000000080000000, 0x00000000b9000000, 0x00000000d5580000)
  object space 933888K, 87% used [0x0000000080000000,0x00000000b1986358,0x00000000b9000000)
 Metaspace       used 116340K, capacity 126170K, committed 126208K, reserved 1159168K
  class space    used 15331K, capacity 16630K, committed 16640K, reserved 1048576K
}
Event: 12405.494 GC heap before
{Heap before GC invocations=272 (full 18):
 PSYoungGen      total 544768K, used 449749K [0x00000000d5580000, 0x00000000fec80000, 0x0000000100000000)
  eden space 403968K, 100% used [0x00000000d5580000,0x00000000ee000000,0x00000000ee000000)
  from space 140800K, 32% used [0x00000000ee000000,0x00000000f0cb5630,0x00000000f6980000)
  to   space 132608K, 0% used [0x00000000f6b00000,0x00000000f6b00000,0x00000000fec80000)
 ParOldGen       total 933888K, used 812568K [0x0000000080000000, 0x00000000b9000000, 0x00000000d5580000)
  object space 933888K, 87% used [0x0000000080000000,0x00000000b1986358,0x00000000b9000000)
 Metaspace       used 116343K, capacity 126170K, committed 126208K, reserved 1159168K
  class space    used 15331K, capacity 16630K, committed 16640K, reserved 1048576K
Event: 12405.532 GC heap after
Heap after GC invocations=272 (full 18):
 PSYoungGen      total 551424K, used 31879K [0x00000000d5580000, 0x00000000fee00000, 0x0000000100000000)
  eden space 418816K, 0% used [0x00000000d5580000,0x00000000d5580000,0x00000000eee80000)
  from space 132608K, 24% used [0x00000000f6b00000,0x00000000f8a21c58,0x00000000fec80000)
  to   space 127488K, 0% used [0x00000000eee80000,0x00000000eee80000,0x00000000f6b00000)
 ParOldGen       total 933888K, used 820601K [0x0000000080000000, 0x00000000b9000000, 0x00000000d5580000)
  object space 933888K, 87% used [0x0000000080000000,0x00000000b215e560,0x00000000b9000000)
 Metaspace       used 116343K, capacity 126170K, committed 126208K, reserved 1159168K
  class space    used 15331K, capacity 16630K, committed 16640K, reserved 1048576K
}
Event: 12406.423 GC heap before
{Heap before GC invocations=273 (full 18):
 PSYoungGen      total 551424K, used 450695K [0x00000000d5580000, 0x00000000fee00000, 0x0000000100000000)
  eden space 418816K, 100% used [0x00000000d5580000,0x00000000eee80000,0x00000000eee80000)
  from space 132608K, 24% used [0x00000000f6b00000,0x00000000f8a21c58,0x00000000fec80000)
  to   space 127488K, 0% used [0x00000000eee80000,0x00000000eee80000,0x00000000f6b00000)
 ParOldGen       total 933888K, used 820601K [0x0000000080000000, 0x00000000b9000000, 0x00000000d5580000)
  object space 933888K, 87% used [0x0000000080000000,0x00000000b215e560,0x00000000b9000000)
 Metaspace       used 117216K, capacity 127116K, committed 127360K, reserved 1159168K
  class space    used 15420K, capacity 16735K, committed 16768K, reserved 1048576K
Event: 12406.521 GC heap after
Heap after GC invocations=273 (full 18):
 PSYoungGen      total 546304K, used 85937K [0x00000000d5580000, 0x0000000100000000, 0x0000000100000000)
  eden space 418816K, 0% used [0x00000000d5580000,0x00000000d5580000,0x00000000eee80000)
  from space 127488K, 67% used [0x00000000eee80000,0x00000000f426c570,0x00000000f6b00000)
  to   space 133632K, 0% used [0x00000000f7d80000,0x00000000f7d80000,0x0000000100000000)
 ParOldGen       total 933888K, used 850210K [0x0000000080000000, 0x00000000b9000000, 0x00000000d5580000)
  object space 933888K, 91% used [0x0000000080000000,0x00000000b3e48820,0x00000000b9000000)
 Metaspace       used 117216K, capacity 127116K, committed 127360K, reserved 1159168K
  class space    used 15420K, capacity 16735K, committed 16768K, reserved 1048576K
}
Event: 12406.521 GC heap before
{Heap before GC invocations=274 (full 19):
 PSYoungGen      total 546304K, used 85937K [0x00000000d5580000, 0x0000000100000000, 0x0000000100000000)
  eden space 418816K, 0% used [0x00000000d5580000,0x00000000d5580000,0x00000000eee80000)
  from space 127488K, 67% used [0x00000000eee80000,0x00000000f426c570,0x00000000f6b00000)
  to   space 133632K, 0% used [0x00000000f7d80000,0x00000000f7d80000,0x0000000100000000)
 ParOldGen       total 933888K, used 850210K [0x0000000080000000, 0x00000000b9000000, 0x00000000d5580000)
  object space 933888K, 91% used [0x0000000080000000,0x00000000b3e48820,0x00000000b9000000)
 Metaspace       used 117216K, capacity 127116K, committed 127360K, reserved 1159168K
  class space    used 15420K, capacity 16735K, committed 16768K, reserved 1048576K

